0 info it worked if it ends with ok
1 verbose cli [ 'C:\\Program Files\\nodejs\\node.exe',
1 verbose cli   'C:\\Program Files\\nodejs\\node_modules\\npm\\bin\\npm-cli.js',
1 verbose cli   'run',
1 verbose cli   'start:dev' ]
2 info using npm@3.10.10
3 info using node@v6.10.2
4 verbose run-script [ 'prestart:dev', 'start:dev', 'poststart:dev' ]
5 info lifecycle mre-recipes@1.0.0~prestart:dev: mre-recipes@1.0.0
6 silly lifecycle mre-recipes@1.0.0~prestart:dev: no script for prestart:dev, continuing
7 info lifecycle mre-recipes@1.0.0~start:dev: mre-recipes@1.0.0
8 verbose lifecycle mre-recipes@1.0.0~start:dev: unsafe-perm in lifecycle true
9 verbose lifecycle mre-recipes@1.0.0~start:dev: PATH: C:\Program Files\nodejs\node_modules\npm\bin\node-gyp-bin;C:\Users\Sannikay\Desktop\new\More-recipes\node_modules\.bin;C:\Users\Sannikay\Desktop\cmder\bin;C:\Users\Sannikay\Desktop\cmder\vendor\conemu-maximus5\ConEmu\Scripts;C:\Users\Sannikay\Desktop\cmder\vendor\conemu-maximus5;C:\Users\Sannikay\Desktop\cmder\vendor\conemu-maximus5\ConEmu;C:\ProgramData\Oracle\Java\javapath;C:\Program Files (x86)\ActiveState Komodo Edit 7\;C:\WINDOWS\system32;C:\WINDOWS;C:\WINDOWS\System32\Wbem;C:\WINDOWS\System32\WindowsPowerShell\v1.0\;C:\Program Files\Lenovo\Bluetooth Software\;C:\Program Files\Lenovo\Bluetooth Software\syswow64;C:\Program Files\nodejs\;C:\Program Files\IBM\Bluemix\bin;C:\Program Files\Cloud Foundry;C:\Program Files\PuTTY\;C:\Program Files\Git\cmd;C:\Program Files (x86)\Skype\Phone\;C:\Program Files (x86)\Yarn\bin;C:\Python27;C:\Python27\Scripts;C:\Users\Sannikay\AppData\Roaming\npm;C:\Program Files\PostgreSQL\9.6\bin;C:\Program Files\PostgreSQL\9.6\lib;;C:\Program Files\Microsoft VS Code\bin;C:\Program Files\Heroku\bin;C:\Users\Sannikay\AppData\Local\Microsoft\WindowsApps;C:\Users\Sannikay\AppData\Local\Yarn\bin;C:\Program Files\Git\usr\bin;C:\Program Files\Git\usr\share\vim\vim74;C:\Users\Sannikay\Desktop\cmder\
10 verbose lifecycle mre-recipes@1.0.0~start:dev: CWD: C:\Users\Sannikay\Desktop\new\More-recipes
11 silly lifecycle mre-recipes@1.0.0~start:dev: Args: [ '/d /s /c', 'nodemon --exec babel-node -- ./server/bin/www' ]
12 silly lifecycle mre-recipes@1.0.0~start:dev: Returned: code: 1  signal: null
13 info lifecycle mre-recipes@1.0.0~start:dev: Failed to exec start:dev script
14 verbose stack Error: mre-recipes@1.0.0 start:dev: `nodemon --exec babel-node -- ./server/bin/www`
14 verbose stack Exit status 1
14 verbose stack     at EventEmitter.<anonymous> (C:\Program Files\nodejs\node_modules\npm\lib\utils\lifecycle.js:255:16)
14 verbose stack     at emitTwo (events.js:106:13)
14 verbose stack     at EventEmitter.emit (events.js:191:7)
14 verbose stack     at ChildProcess.<anonymous> (C:\Program Files\nodejs\node_modules\npm\lib\utils\spawn.js:40:14)
14 verbose stack     at emitTwo (events.js:106:13)
14 verbose stack     at ChildProcess.emit (events.js:191:7)
14 verbose stack     at maybeClose (internal/child_process.js:886:16)
14 verbose stack     at Process.ChildProcess._handle.onexit (internal/child_process.js:226:5)
15 verbose pkgid mre-recipes@1.0.0
16 verbose cwd C:\Users\Sannikay\Desktop\new\More-recipes
17 error Windows_NT 10.0.15063
18 error argv "C:\\Program Files\\nodejs\\node.exe" "C:\\Program Files\\nodejs\\node_modules\\npm\\bin\\npm-cli.js" "run" "start:dev"
19 error node v6.10.2
20 error npm  v3.10.10
21 error code ELIFECYCLE
22 error mre-recipes@1.0.0 start:dev: `nodemon --exec babel-node -- ./server/bin/www`
22 error Exit status 1
23 error Failed at the mre-recipes@1.0.0 start:dev script 'nodemon --exec babel-node -- ./server/bin/www'.
23 error Make sure you have the latest version of node.js and npm installed.
23 error If you do, this is most likely a problem with the mre-recipes package,
23 error not with npm itself.
23 error Tell the author that this fails on your system:
23 error     nodemon --exec babel-node -- ./server/bin/www
23 error You can get information on how to open an issue for this project with:
23 error     npm bugs mre-recipes
23 error Or if that isn't available, you can get their info via:
23 error     npm owner ls mre-recipes
23 error There is likely additional logging output above.
24 verbose exit [ 1, true ]
